<?xml version="1.0" encoding="UTF-8"?>
<testng-results skipped="0" failed="0" ignored="0" total="1" passed="1">
  <reporter-output>
  </reporter-output>
  <suite name="Default suite" duration-ms="35812" started-at="2018-09-25T06:30:39Z" finished-at="2018-09-25T06:31:15Z">
    <groups>
    </groups>
    <test name="Default test" duration-ms="35812" started-at="2018-09-25T06:30:39Z" finished-at="2018-09-25T06:31:15Z">
      <class name="Calendar.PrintAllLinks">
        <test-method status="PASS" signature="MaxWebTableValue()[pri:0, instance:Calendar.PrintAllLinks@4d95d2a2]" name="MaxWebTableValue" duration-ms="35751" started-at="2018-09-25T06:30:39Z" finished-at="2018-09-25T06:31:15Z">
          <reporter-output>
          </reporter-output>
        </test-method> <!-- MaxWebTableValue -->
      </class> <!-- Calendar.PrintAllLinks -->
    </test> <!-- Default test -->
  </suite> <!-- Default suite -->
</testng-results>
